  Uic'ing audienceform.ui...
  Uic'ing campaignform.ui...
  Uic'ing channelform.ui...
  Uic'ing productform.ui...
  Moc'ing audienceform.h...
  Moc'ing campaignform.h...
  Moc'ing channelform.h...
  Moc'ing mainwindow.h...
  Moc'ing productform.h...
  addaudience.cpp
  addbuttoncampaign.cpp
  addchanel.cpp
  addproduct.cpp
  audienceform.cpp
  campaignform.cpp
  channelform.cpp
  dialogchannel.cpp
  main.cpp
  mainwindow.cpp
  productform.cpp
  moc_addchanel.cpp
  moc_audienceform.cpp
  moc_campaignform.cpp
  moc_channelform.cpp
  moc_dialogchannel.cpp
  moc_mainwindow.cpp
  moc_productform.cpp
  AWS.vcxproj -> C:\QTPROJECT\AWS\debug\AWS.exe
